<?xml version="1.0" encoding="UTF-8"?>
<!-- Generated by org.testng.reporters.JUnitReportReporter -->
<testsuite hostname="BDC6-L-44061KK" name="PetClinic.PetClinic.AppTest" tests="1" failures="0" timestamp="17 Sep 2017 11:26:22 GMT" time="15.150" errors="0">
  <testcase name="testMethod" time="15.150" classname="PetClinic.PetClinic.AppTest"/>
</testsuite> <!-- PetClinic.PetClinic.AppTest -->
